[2022-01-09T11:06:00.723] [INFO] req - OPTIONS /api/v1/material/list - 2ms
[2022-01-09T11:06:00.837] [INFO] req - POST /api/v1/material/list - 109ms
[2022-01-09T11:06:05.269] [INFO] req - OPTIONS /api/v1/product/outstocklog - 0ms
[2022-01-09T11:06:05.281] [INFO] req - POST /api/v1/product/outstocklog - 10ms
[2022-01-09T11:06:06.406] [INFO] req - OPTIONS /api/v1/product/outstock/detail - 0ms
[2022-01-09T11:06:06.427] [INFO] req - POST /api/v1/product/outstock/detail - 19ms
[2022-01-14T10:52:37.488] [INFO] req - OPTIONS /api/v1/material/list - 2ms
[2022-01-14T10:52:50.031] [INFO] req - OPTIONS /api/v1/material/purchaserList - 0ms
[2022-01-14T10:52:58.781] [INFO] req - OPTIONS /api/v1/signin - 0ms
[2022-01-14T10:52:58.962] [INFO] req - POST /api/v1/signin - 179ms
[2022-01-14T10:52:59.019] [INFO] req - OPTIONS /api/v1/material/list - 0ms
[2022-01-14T10:52:59.035] [INFO] req - POST /api/v1/material/list - 14ms
[2022-01-14T10:54:34.054] [INFO] req - POST /api/v1/product/outstock/upload - 65ms
[2022-01-14T10:55:01.954] [INFO] req - POST /api/v1/product/outstock/upload - 19ms
[2022-01-14T10:55:48.915] [INFO] req - OPTIONS /api/v1/product/list - 0ms
[2022-01-14T10:55:48.961] [INFO] req - POST /api/v1/product/list - 44ms
[2022-01-14T10:56:02.350] [INFO] req - POST /api/v1/product/outstock/upload - 22ms
[2022-01-14T11:08:46.790] [INFO] req - OPTIONS /api/v1/product/outstocklog - 0ms
[2022-01-14T11:08:46.824] [INFO] req - POST /api/v1/product/outstocklog - 31ms
[2022-01-14T11:08:47.711] [INFO] req - OPTIONS /api/v1/material/purchaserList - 0ms
[2022-01-14T11:08:47.715] [INFO] req - POST /api/v1/material/purchaserList - 3ms
[2022-01-14T11:09:07.480] [INFO] req - OPTIONS /api/v1/product/outstock/upload - 0ms
[2022-01-14T11:09:07.536] [INFO] req - POST /api/v1/product/outstock/upload - 54ms
[2022-01-14T11:11:46.151] [INFO] req - POST /api/v1/product/outstock/upload - 26ms
[2022-01-14T11:16:29.921] [INFO] req - POST /api/v1/product/outstock/upload - 43ms
[2022-01-14T11:16:37.415] [INFO] req - POST /api/v1/product/outstock/upload - 12ms
[2022-01-14T11:16:44.149] [INFO] req - POST /api/v1/product/outstock/upload - 44ms
[2022-01-14T11:32:36.121] [INFO] req - POST /api/v1/product/outstock/upload - 119ms
[2022-01-14T11:45:31.055] [INFO] req - POST /api/v1/product/outstock/upload - 131ms
[2022-01-14T11:46:08.902] [INFO] req - POST /api/v1/product/outstock/upload - 128ms
[2022-01-14T11:46:29.158] [INFO] req - POST /api/v1/product/outstock/upload - 55ms
[2022-01-14T11:46:51.235] [INFO] req - OPTIONS /api/v1/material/purchaserList - 1ms
[2022-01-14T11:46:51.243] [INFO] req - POST /api/v1/material/purchaserList - 7ms
[2022-01-14T11:47:06.907] [INFO] req - OPTIONS /api/v1/product/outstock/upload - 1ms
[2022-01-14T11:47:06.979] [INFO] req - POST /api/v1/product/outstock/upload - 71ms
[2022-01-14T11:48:22.450] [INFO] req - OPTIONS /api/v1/material/purchaserList - 0ms
[2022-01-14T11:48:22.457] [INFO] req - POST /api/v1/material/purchaserList - 5ms
[2022-01-14T11:48:34.491] [INFO] req - OPTIONS /api/v1/product/outstock/upload - 0ms
[2022-01-14T11:48:34.542] [INFO] req - POST /api/v1/product/outstock/upload - 49ms
[2022-01-14T11:48:36.158] [INFO] req - OPTIONS /api/v1/product/outstocklog - 0ms
[2022-01-14T11:48:36.172] [INFO] req - POST /api/v1/product/outstocklog - 11ms
